[debug] [2023-01-05T19:55:57.348Z] ----------------------------------------------------------------------
[debug] [2023-01-05T19:55:57.349Z] Command:       C:\Program Files\nodejs\node.exe C:\Users\ranja\AppData\Roaming\npm\node_modules\firebase-tools\lib\bin\firebase.js init
[debug] [2023-01-05T19:55:57.350Z] CLI Version:   11.19.0
[debug] [2023-01-05T19:55:57.350Z] Platform:      win32
[debug] [2023-01-05T19:55:57.350Z] Node Version:  v16.15.0
[debug] [2023-01-05T19:55:57.353Z] Time:          Fri Jan 06 2023 01:25:57 GMT+0530 (India Standard Time)
[debug] [2023-01-05T19:55:57.353Z] ----------------------------------------------------------------------
[debug] 
[debug] [2023-01-05T19:55:57.361Z] > command requires scopes: ["email","openid","https://www.googleapis.com/auth/cloudplatformprojects.readonly","https://www.googleapis.com/auth/firebase","https://www.googleapis.com/auth/cloud-platform"]
[debug] [2023-01-05T19:55:57.362Z] > authorizing via signed-in user (ranjansomya43@gmail.com)
[info] 
     ######## #### ########  ######## ########     ###     ######  ########
     ##        ##  ##     ## ##       ##     ##  ##   ##  ##       ##
     ######    ##  ########  ######   ########  #########  ######  ######
     ##        ##  ##    ##  ##       ##     ## ##     ##       ## ##
     ##       #### ##     ## ######## ########  ##     ##  ######  ########

You're about to initialize a Firebase project in this directory:

  C:\Users\ranja\Desktop\ECELL\ECell2020-master - Copy (2)

[info] 
=== Project Setup
[info] 
[info] First, let's associate this project directory with a Firebase project.
[info] You can create multiple project aliases by running firebase use --add, 
[info] but for now we'll just set up a default project.
[info] 
[debug] [2023-01-05T19:56:09.356Z] >>> [apiv2][query] GET https://firebase.googleapis.com/v1beta1/projects pageSize=100
[debug] [2023-01-05T19:56:11.082Z] <<< [apiv2][status] GET https://firebase.googleapis.com/v1beta1/projects 200
[debug] [2023-01-05T19:56:11.082Z] <<< [apiv2][body] GET https://firebase.googleapis.com/v1beta1/projects [omitted]
[info] i  Using project ecell-rvce-ab3d3 (ECELL-RVCE) 
[info] 
=== Hosting Setup
[info] 
[info] Your public directory is the folder (relative to your project directory) that
[info] will contain Hosting assets to be uploaded with firebase deploy. If you
[info] have a build process for your assets, use your build's output directory.
[info] 
[debug] [2023-01-05T19:59:57.954Z] ----------------------------------------------------------------------
[debug] [2023-01-05T19:59:57.956Z] Command:       C:\Program Files\nodejs\node.exe C:\Users\ranja\AppData\Roaming\npm\node_modules\firebase-tools\lib\bin\firebase.js init
[debug] [2023-01-05T19:59:57.957Z] CLI Version:   11.19.0
[debug] [2023-01-05T19:59:57.957Z] Platform:      win32
[debug] [2023-01-05T19:59:57.957Z] Node Version:  v16.15.0
[debug] [2023-01-05T19:59:57.958Z] Time:          Fri Jan 06 2023 01:29:57 GMT+0530 (India Standard Time)
[debug] [2023-01-05T19:59:57.958Z] ----------------------------------------------------------------------
[debug] 
[debug] [2023-01-05T19:59:57.968Z] > command requires scopes: ["email","openid","https://www.googleapis.com/auth/cloudplatformprojects.readonly","https://www.googleapis.com/auth/firebase","https://www.googleapis.com/auth/cloud-platform"]
[debug] [2023-01-05T19:59:57.969Z] > authorizing via signed-in user (ranjansomya43@gmail.com)
[info] 
     ######## #### ########  ######## ########     ###     ######  ########
     ##        ##  ##     ## ##       ##     ##  ##   ##  ##       ##
     ######    ##  ########  ######   ########  #########  ######  ######
     ##        ##  ##    ##  ##       ##     ## ##     ##       ## ##
     ##       #### ##     ## ######## ########  ##     ##  ######  ########

You're about to initialize a Firebase project in this directory:

  C:\Users\ranja\Desktop\ECELL\ECell2020-master - Copy (2)\public

